2023-12-25 20:24:27,374 [INFO] sst1mpipe version: 0.3.0
2023-12-25 20:24:27,798 [INFO] Input file gamma: /mnt/nfs22_auger/jurysek/SST1M/MC/prod_january_2023/v0.3.0/DL2_psf_vaod0.2/stereo/gamma_point_50_300E3GeV_40_40deg_testing_dl1_dl2.h5
2023-12-25 20:24:27,799 [INFO] Input file proton: /mnt/nfs22_auger/jurysek/SST1M/MC/prod_january_2023/v0.3.0/DL2_psf_vaod0.2/stereo/proton_400_500E3GeV_40_40deg_testing_dl1_dl2.h5
2023-12-25 20:24:27,799 [INFO] Evaluating performance for stereo
2023-12-25 20:24:27,800 [INFO] Input file: /mnt/nfs22_auger/jurysek/SST1M/MC/prod_january_2023/v0.3.0/DL2_psf_vaod0.2/stereo/gamma_point_50_300E3GeV_40_40deg_testing_dl1_dl2.h5
2023-12-25 20:24:29,220 [INFO] Total N of events of stereo: 139139
2023-12-25 20:24:29,221 [INFO] Performing event selection.
2023-12-25 20:24:29,221 [INFO] Application of selection cuts:
2023-12-25 20:24:29,221 [INFO] camera_frame_hillas_intensity_tel1: [50, 1000000]
2023-12-25 20:24:29,227 [INFO] camera_frame_hillas_intensity_tel2: [50, 1000000]
2023-12-25 20:24:29,233 [INFO] camera_frame_hillas_width_tel1: [0, 100]
2023-12-25 20:24:29,238 [INFO] camera_frame_hillas_width_tel2: [0, 100]
2023-12-25 20:24:29,244 [INFO] camera_frame_hillas_length_tel1: [0, 100]
2023-12-25 20:24:29,249 [INFO] camera_frame_hillas_length_tel2: [0, 100]
2023-12-25 20:24:29,254 [INFO] leakage_intensity_width_2_tel1: [0, 0.7]
2023-12-25 20:24:29,259 [INFO] leakage_intensity_width_2_tel2: [0, 0.7]
2023-12-25 20:24:29,366 [INFO] N of events of stereo after selection cuts: 138897
2023-12-25 20:24:29,366 [INFO] DL2 data loaded as Pandas Dataframe
2023-12-25 20:24:29,456 [INFO] Input file: /mnt/nfs22_auger/jurysek/SST1M/MC/prod_january_2023/v0.3.0/DL2_psf_vaod0.2/stereo/proton_400_500E3GeV_40_40deg_testing_dl1_dl2.h5
2023-12-25 20:24:32,035 [INFO] Total N of events of stereo: 3361887
2023-12-25 20:24:32,035 [INFO] Performing event selection.
2023-12-25 20:24:32,036 [INFO] Application of selection cuts:
2023-12-25 20:24:32,036 [INFO] camera_frame_hillas_intensity_tel1: [50, 1000000]
2023-12-25 20:24:32,126 [INFO] camera_frame_hillas_intensity_tel2: [50, 1000000]
2023-12-25 20:24:32,204 [INFO] camera_frame_hillas_width_tel1: [0, 100]
2023-12-25 20:24:32,280 [INFO] camera_frame_hillas_width_tel2: [0, 100]
2023-12-25 20:24:32,356 [INFO] camera_frame_hillas_length_tel1: [0, 100]
2023-12-25 20:24:32,489 [INFO] camera_frame_hillas_length_tel2: [0, 100]
2023-12-25 20:24:32,565 [INFO] leakage_intensity_width_2_tel1: [0, 0.7]
2023-12-25 20:24:32,630 [INFO] leakage_intensity_width_2_tel2: [0, 0.7]
2023-12-25 20:24:34,559 [INFO] N of events of stereo after selection cuts: 2760245
2023-12-25 20:24:34,560 [INFO] DL2 data loaded as Pandas Dataframe
2023-12-25 20:24:41,785 [INFO] Energy and angular resolution are calculated only for gammas which passed GLOBAL GAMMANESS > 0.600000 cut.
2023-12-25 20:24:41,860 [INFO] Energy resolution: saving images..
2023-12-25 20:24:43,870 [INFO] Energy resolution: saving tables for stereo..
2023-12-25 20:24:43,946 [INFO] Out of 118814, in 0 events the altitude or azimuth was not reconstructed
2023-12-25 20:24:44,054 [INFO] Angular resolution: saving images..
2023-12-25 20:24:45,747 [INFO] Angular resolution: saving tables for stereo..
2023-12-25 20:24:45,801 [WARNING] table contains column(s) with defined 'unit', 'format', 'description', or 'meta' info attributes. These will be dropped since serialize_meta=False.
2023-12-25 20:24:45,812 [INFO] ROC curve: saving images..
2023-12-25 20:25:20,142 [INFO] ROC curve: saving tables for stereo..
2023-12-25 20:25:21,395 [INFO] Estimating sensitivity for stereo ...
2023-12-25 20:25:21,396 [INFO] N off regions 5
2023-12-25 20:25:21,396 [INFO] Assumed obstime 50.000000 h.
2023-12-25 20:25:21,397 [INFO] Input file: /mnt/nfs22_auger/jurysek/SST1M/MC/prod_january_2023/v0.3.0/DL2_psf_vaod0.2/stereo/gamma_point_50_300E3GeV_40_40deg_testing_dl1_dl2.h5
2023-12-25 20:25:21,479 [INFO] Total N of events of stereo: 139139
2023-12-25 20:25:21,480 [INFO] Performing event selection.
2023-12-25 20:25:21,480 [INFO] Application of selection cuts:
2023-12-25 20:25:21,480 [INFO] camera_frame_hillas_intensity_tel1: [50, 1000000]
2023-12-25 20:25:21,484 [INFO] camera_frame_hillas_intensity_tel2: [50, 1000000]
2023-12-25 20:25:21,488 [INFO] camera_frame_hillas_width_tel1: [0, 100]
2023-12-25 20:25:21,492 [INFO] camera_frame_hillas_width_tel2: [0, 100]
2023-12-25 20:25:21,497 [INFO] camera_frame_hillas_length_tel1: [0, 100]
2023-12-25 20:25:21,501 [INFO] camera_frame_hillas_length_tel2: [0, 100]
2023-12-25 20:25:21,505 [INFO] leakage_intensity_width_2_tel1: [0, 0.7]
2023-12-25 20:25:21,509 [INFO] leakage_intensity_width_2_tel2: [0, 0.7]
2023-12-25 20:25:21,579 [INFO] N of events of stereo after selection cuts: 138897
2023-12-25 20:25:21,580 [INFO] DL2 data loaded as Astropy Table.
2023-12-25 20:25:21,580 [INFO] Input file: /mnt/nfs22_auger/jurysek/SST1M/MC/prod_january_2023/v0.3.0/DL2_psf_vaod0.2/stereo/proton_400_500E3GeV_40_40deg_testing_dl1_dl2.h5
2023-12-25 20:25:22,868 [INFO] Total N of events of stereo: 3361887
2023-12-25 20:25:22,868 [INFO] Performing event selection.
2023-12-25 20:25:22,868 [INFO] Application of selection cuts:
2023-12-25 20:25:22,868 [INFO] camera_frame_hillas_intensity_tel1: [50, 1000000]
2023-12-25 20:25:22,950 [INFO] camera_frame_hillas_intensity_tel2: [50, 1000000]
2023-12-25 20:25:23,038 [INFO] camera_frame_hillas_width_tel1: [0, 100]
2023-12-25 20:25:23,126 [INFO] camera_frame_hillas_width_tel2: [0, 100]
2023-12-25 20:25:23,213 [INFO] camera_frame_hillas_length_tel1: [0, 100]
2023-12-25 20:25:23,300 [INFO] camera_frame_hillas_length_tel2: [0, 100]
2023-12-25 20:25:23,387 [INFO] leakage_intensity_width_2_tel1: [0, 0.7]
2023-12-25 20:25:23,463 [INFO] leakage_intensity_width_2_tel2: [0, 0.7]
2023-12-25 20:25:25,510 [INFO] N of events of stereo after selection cuts: 2760245
2023-12-25 20:25:25,510 [INFO] DL2 data loaded as Astropy Table.
2023-12-25 20:25:25,510 [INFO] Getting MC info for /mnt/nfs22_auger/jurysek/SST1M/MC/prod_january_2023/v0.3.0/DL2_psf_vaod0.2/stereo/gamma_point_50_300E3GeV_40_40deg_testing_dl1_dl2.h5
2023-12-25 20:25:44,439 [WARNING] There was a cut on energy applied on this DL2 file, which doesnt correspond with 'energy_range_min' in MC DL2 tab).
THE TOTAL NUMBER OF SIMULATED EVENTS WILL BE RECALCULATED FOR SPECTRAL REWEIGHTING.
2023-12-25 20:25:44,491 [INFO] Number of different MC productions combined: 1
2023-12-25 20:25:44,542 [INFO] Correcting simulated e min in 2994 files out of 2994 files.
2023-12-25 20:25:44,542 [INFO] N of simulated showers in original interval (0.050000, 300.000000): 59880000
2023-12-25 20:25:44,542 [INFO] N of simulated showers in new interval (0.200000, 300.000000): 14962513
2023-12-25 20:25:44,865 [INFO] SANITY CHECK: Exact number of simulated events above 0.19953 TeV: 15018900
2023-12-25 20:25:44,866 [INFO] Difference [%/100]: 0.003754
2023-12-25 20:25:44,866 [INFO] Total corrected number of simulated events: 14962513
2023-12-25 20:25:44,920 [INFO] Getting MC info for /mnt/nfs22_auger/jurysek/SST1M/MC/prod_january_2023/v0.3.0/DL2_psf_vaod0.2/stereo/proton_400_500E3GeV_40_40deg_testing_dl1_dl2.h5
2023-12-25 20:26:07,752 [WARNING] Sum of histograms for production with e_min: 0.100000 doesn't match with n_showers*shower_reuse stored in the mc tab!!
2023-12-25 20:26:07,754 [WARNING] CORRECTION OF SHOWER_REUSE APPLIED. New value: 20.000000
2023-12-25 20:26:07,758 [WARNING] Sum of histograms for production with e_min: 0.400000 doesn't match with n_showers*shower_reuse stored in the mc tab!!
2023-12-25 20:26:07,759 [WARNING] CORRECTION OF SHOWER_REUSE APPLIED. New value: 100.000000
2023-12-25 20:26:31,801 [WARNING] There was a cut on energy applied on this DL2 file, which doesnt correspond with 'energy_range_min' in MC DL2 tab).
THE TOTAL NUMBER OF SIMULATED EVENTS WILL BE RECALCULATED FOR SPECTRAL REWEIGHTING.
2023-12-25 20:26:32,090 [INFO] Number of different MC productions combined: 2
2023-12-25 20:26:32,382 [INFO] Correcting simulated e min in 10400 files out of 26400 files.
2023-12-25 20:26:32,389 [INFO] N of simulated showers in original interval (0.100000, 500.000000): 416000000
2023-12-25 20:26:32,389 [INFO] N of simulated showers in new interval (0.400000, 500.000000): 103937589
2023-12-25 20:26:33,503 [INFO] SANITY CHECK: Exact number of simulated events above 0.39811 TeV: 104434240
2023-12-25 20:26:33,503 [INFO] Difference [%/100]: 0.004756
2023-12-25 20:26:33,506 [INFO] For 16000 files out of 26400 the energy cut is lower or equal than simulated, and the number of total simulated events dont have to be corrected.
2023-12-25 20:26:33,508 [INFO] Total corrected number of simulated events: 3303937589
2023-12-25 20:26:33,800 [INFO] CRAB_HEGRA spectrum is used for purposes of sensitivity estimation.
2023-12-25 20:26:35,301 [INFO] Point gammas simulated with offset of: 0.000000 deg
2023-12-25 20:26:35,301 [INFO] Gammaness efficiency-based gammaness cut used.
2023-12-25 20:26:35,301 [INFO] Requested gamma efficiency 0.600000
2023-12-25 20:26:35,325 [INFO] Differential sensitivity: saving energy dependent gammaness cut table for stereo..
2023-12-25 20:26:36,055 [INFO] Global theta cut used: 0.120000
2023-12-25 20:26:36,109 [INFO] N of simulated gamma-like point gammas in ON region: 63908
2023-12-25 20:26:36,130 [INFO] Rate of observed gamma-like point gammas in ON region: 0.0032046129753018865 1 / s, Crab Spectrum
2023-12-25 20:26:36,324 [INFO] N of simulated gamma-like diffuse protons in OFF region (r=1.2 deg): 7695
2023-12-25 20:26:36,328 [INFO] Rate of observed gamma-like diffuse protons in ON region: 0.0007998830277821041 1 / s, p+He DAMPE
2023-12-25 20:26:36,328 [INFO] GAMMA reused fractions:
2023-12-25 20:26:36,353 [INFO] SANITY CHECK: In each bin in reconstructed energy a fraction of reused triggered events is shown.
2023-12-25 20:26:36,354 [INFO] E.g.: [0.5 0.25 0.25 0 0 0 0 0 0 ...] means that half of all showers in given energy bin was used once, 25%% of showers was used 2x, 25%% 3x, and that's it.
2023-12-25 20:26:36,354 [INFO] N reuse bins: [1, 2, 3, 4, 5, 6, 7, 8, 9, 10, 11, 12, 13, 14, 15, 16, 17, 18, 19, 20, 21, 22, 23, 24, 25, 26, 27, 28, 29, 30]
2023-12-25 20:26:36,358 [INFO] Same shower fraction based on obs_id, shower_id (WARNING: It works only if shower_reuse <= 100!).
2023-12-25 20:26:36,377 [INFO] E_R [1.58, 2.51] TeV, total events: 501, frac used N>1: 1.40E-02, fracs: ['9.70E-01', '1.20E-02', '2.00E-03', '0.00E+00', '0.00E+00', '0.00E+00', '0.00E+00', '0.00E+00', '0.00E+00', '0.00E+00', '0.00E+00', '0.00E+00', '0.00E+00', '0.00E+00', '0.00E+00', '0.00E+00', '0.00E+00', '0.00E+00', '0.00E+00', '0.00E+00', '0.00E+00', '0.00E+00', '0.00E+00', '0.00E+00', '0.00E+00', '0.00E+00', '0.00E+00', '0.00E+00', '0.00E+00']
2023-12-25 20:26:36,388 [INFO] E_R [2.51, 3.98] TeV, total events: 5189, frac used N>1: 6.90E-02, fracs: ['8.58E-01', '6.51E-02', '3.28E-03', '5.78E-04', '0.00E+00', '0.00E+00', '0.00E+00', '0.00E+00', '0.00E+00', '0.00E+00', '0.00E+00', '0.00E+00', '0.00E+00', '0.00E+00', '0.00E+00', '0.00E+00', '0.00E+00', '0.00E+00', '0.00E+00', '0.00E+00', '0.00E+00', '0.00E+00', '0.00E+00', '0.00E+00', '0.00E+00', '0.00E+00', '0.00E+00', '0.00E+00', '0.00E+00']
2023-12-25 20:26:36,401 [INFO] E_R [3.98, 6.31] TeV, total events: 8947, frac used N>1: 1.59E-01, fracs: ['6.51E-01', '1.33E-01', '2.35E-02', '2.68E-03', '3.35E-04', '0.00E+00', '0.00E+00', '0.00E+00', '0.00E+00', '0.00E+00', '0.00E+00', '0.00E+00', '0.00E+00', '0.00E+00', '0.00E+00', '0.00E+00', '0.00E+00', '0.00E+00', '0.00E+00', '0.00E+00', '0.00E+00', '0.00E+00', '0.00E+00', '0.00E+00', '0.00E+00', '0.00E+00', '0.00E+00', '0.00E+00', '0.00E+00']
2023-12-25 20:26:36,414 [INFO] E_R [6.31, 10.00] TeV, total events: 9567, frac used N>1: 2.21E-01, fracs: ['4.84E-01', '1.63E-01', '4.66E-02', '9.62E-03', '2.09E-03', '3.14E-04', '0.00E+00', '0.00E+00', '0.00E+00', '0.00E+00', '0.00E+00', '0.00E+00', '0.00E+00', '0.00E+00', '0.00E+00', '0.00E+00', '0.00E+00', '0.00E+00', '0.00E+00', '0.00E+00', '0.00E+00', '0.00E+00', '0.00E+00', '0.00E+00', '0.00E+00', '0.00E+00', '0.00E+00', '0.00E+00', '0.00E+00']
2023-12-25 20:26:36,425 [INFO] E_R [10.00, 15.85] TeV, total events: 8925, frac used N>1: 2.63E-01, fracs: ['3.33E-01', '1.65E-01', '6.54E-02', '2.59E-02', '4.93E-03', '1.46E-03', '3.36E-04', '2.24E-04', '0.00E+00', '0.00E+00', '0.00E+00', '0.00E+00', '0.00E+00', '0.00E+00', '0.00E+00', '0.00E+00', '0.00E+00', '0.00E+00', '0.00E+00', '0.00E+00', '0.00E+00', '0.00E+00', '0.00E+00', '0.00E+00', '0.00E+00', '0.00E+00', '0.00E+00', '0.00E+00', '0.00E+00']
2023-12-25 20:26:36,437 [INFO] E_R [15.85, 25.12] TeV, total events: 8052, frac used N>1: 2.80E-01, fracs: ['2.15E-01', '1.41E-01', '8.04E-02', '3.97E-02', '1.35E-02', '4.35E-03', '1.37E-03', '0.00E+00', '0.00E+00', '0.00E+00', '0.00E+00', '0.00E+00', '0.00E+00', '0.00E+00', '0.00E+00', '0.00E+00', '0.00E+00', '0.00E+00', '0.00E+00', '0.00E+00', '0.00E+00', '0.00E+00', '0.00E+00', '0.00E+00', '0.00E+00', '0.00E+00', '0.00E+00', '0.00E+00', '0.00E+00']
2023-12-25 20:26:36,446 [INFO] E_R [25.12, 39.81] TeV, total events: 6608, frac used N>1: 2.66E-01, fracs: ['1.39E-01', '9.79E-02', '7.57E-02', '5.01E-02', '2.48E-02', '1.13E-02', '3.78E-03', '1.36E-03', '6.05E-04', '3.03E-04', '0.00E+00', '0.00E+00', '0.00E+00', '0.00E+00', '0.00E+00', '0.00E+00', '0.00E+00', '0.00E+00', '0.00E+00', '0.00E+00', '0.00E+00', '0.00E+00', '0.00E+00', '0.00E+00', '0.00E+00', '0.00E+00', '0.00E+00', '0.00E+00', '0.00E+00']
2023-12-25 20:26:36,455 [INFO] E_R [39.81, 63.10] TeV, total events: 5485, frac used N>1: 2.40E-01, fracs: ['8.37E-02', '6.29E-02', '5.38E-02', '4.98E-02', '3.54E-02', '2.11E-02', '1.26E-02', '2.55E-03', '1.09E-03', '1.82E-04', '3.65E-04', '1.82E-04', '0.00E+00', '0.00E+00', '0.00E+00', '0.00E+00', '0.00E+00', '0.00E+00', '0.00E+00', '0.00E+00', '0.00E+00', '0.00E+00', '0.00E+00', '0.00E+00', '0.00E+00', '0.00E+00', '0.00E+00', '0.00E+00', '0.00E+00']
2023-12-25 20:26:36,462 [INFO] E_R [63.10, 100.00] TeV, total events: 4396, frac used N>1: 2.17E-01, fracs: ['6.14E-02', '4.89E-02', '3.89E-02', '3.57E-02', '3.69E-02', '2.57E-02', '1.48E-02', '7.51E-03', '5.91E-03', '1.59E-03', '9.10E-04', '0.00E+00', '0.00E+00', '0.00E+00', '0.00E+00', '0.00E+00', '0.00E+00', '0.00E+00', '0.00E+00', '0.00E+00', '0.00E+00', '0.00E+00', '0.00E+00', '0.00E+00', '0.00E+00', '0.00E+00', '0.00E+00', '0.00E+00', '0.00E+00']
2023-12-25 20:26:36,468 [INFO] E_R [100.00, 158.49] TeV, total events: 3472, frac used N>1: 1.86E-01, fracs: ['5.24E-02', '2.97E-02', '2.65E-02', '3.00E-02', '2.59E-02', '2.42E-02', '1.64E-02', '1.58E-02', '8.35E-03', '5.76E-03', '2.02E-03', '1.15E-03', '2.88E-04', '0.00E+00', '0.00E+00', '0.00E+00', '0.00E+00', '0.00E+00', '0.00E+00', '0.00E+00', '0.00E+00', '0.00E+00', '0.00E+00', '0.00E+00', '0.00E+00', '0.00E+00', '0.00E+00', '0.00E+00', '0.00E+00']
2023-12-25 20:26:36,472 [INFO] E_R [158.49, 251.19] TeV, total events: 2635, frac used N>1: 1.70E-01, fracs: ['3.11E-02', '2.16E-02', '2.31E-02', '1.78E-02', '2.43E-02', '2.05E-02', '1.67E-02', '1.71E-02', '1.52E-02', '7.59E-03', '4.17E-03', '1.90E-03', '0.00E+00', '0.00E+00', '3.80E-04', '0.00E+00', '0.00E+00', '0.00E+00', '0.00E+00', '0.00E+00', '0.00E+00', '0.00E+00', '0.00E+00', '0.00E+00', '0.00E+00', '0.00E+00', '0.00E+00', '0.00E+00', '0.00E+00']
2023-12-25 20:26:36,475 [INFO] E_R [251.19, 398.11] TeV, total events: 131, frac used N>1: 2.60E-01, fracs: ['2.21E-01', '1.15E-01', '6.87E-02', '4.58E-02', '2.29E-02', '7.63E-03', '0.00E+00', '0.00E+00', '0.00E+00', '0.00E+00', '0.00E+00', '0.00E+00', '0.00E+00', '0.00E+00', '0.00E+00', '0.00E+00', '0.00E+00', '0.00E+00', '0.00E+00', '0.00E+00', '0.00E+00', '0.00E+00', '0.00E+00', '0.00E+00', '0.00E+00', '0.00E+00', '0.00E+00', '0.00E+00', '0.00E+00']
2023-12-25 20:26:36,479 [INFO] PROTON reused fractions:
2023-12-25 20:26:36,481 [INFO] SANITY CHECK: In each bin in reconstructed energy a fraction of reused triggered events is shown.
2023-12-25 20:26:36,482 [INFO] E.g.: [0.5 0.25 0.25 0 0 0 0 0 0 ...] means that half of all showers in given energy bin was used once, 25%% of showers was used 2x, 25%% 3x, and that's it.
2023-12-25 20:26:36,482 [INFO] N reuse bins: [1, 2, 3, 4, 5, 6, 7, 8, 9, 10, 11, 12, 13, 14, 15, 16, 17, 18, 19, 20, 21, 22, 23, 24, 25, 26, 27, 28, 29, 30]
2023-12-25 20:26:36,483 [INFO] Same shower fraction based on obs_id, shower_id (WARNING: It works only if shower_reuse <= 100!).
2023-12-25 20:26:36,497 [INFO] E_R [1.58, 2.51] TeV, total events: 501, frac used N>1: 4.19E-02, fracs: ['9.16E-01', '4.19E-02', '0.00E+00', '0.00E+00', '0.00E+00', '0.00E+00', '0.00E+00', '0.00E+00', '0.00E+00', '0.00E+00', '0.00E+00', '0.00E+00', '0.00E+00', '0.00E+00', '0.00E+00', '0.00E+00', '0.00E+00', '0.00E+00', '0.00E+00', '0.00E+00', '0.00E+00', '0.00E+00', '0.00E+00', '0.00E+00', '0.00E+00', '0.00E+00', '0.00E+00', '0.00E+00', '0.00E+00']
2023-12-25 20:26:36,500 [INFO] E_R [2.51, 3.98] TeV, total events: 1309, frac used N>1: 1.10E-01, fracs: ['7.53E-01', '8.79E-02', '1.76E-02', '4.58E-03', '0.00E+00', '0.00E+00', '0.00E+00', '0.00E+00', '0.00E+00', '0.00E+00', '0.00E+00', '0.00E+00', '0.00E+00', '0.00E+00', '0.00E+00', '0.00E+00', '0.00E+00', '0.00E+00', '0.00E+00', '0.00E+00', '0.00E+00', '0.00E+00', '0.00E+00', '0.00E+00', '0.00E+00', '0.00E+00', '0.00E+00', '0.00E+00', '0.00E+00']
2023-12-25 20:26:36,503 [INFO] E_R [3.98, 6.31] TeV, total events: 917, frac used N>1: 1.36E-01, fracs: ['6.91E-01', '1.06E-01', '2.51E-02', '5.45E-03', '0.00E+00', '0.00E+00', '0.00E+00', '0.00E+00', '0.00E+00', '0.00E+00', '0.00E+00', '0.00E+00', '0.00E+00', '0.00E+00', '0.00E+00', '0.00E+00', '0.00E+00', '0.00E+00', '0.00E+00', '0.00E+00', '0.00E+00', '0.00E+00', '0.00E+00', '0.00E+00', '0.00E+00', '0.00E+00', '0.00E+00', '0.00E+00', '0.00E+00']
2023-12-25 20:26:36,506 [INFO] E_R [6.31, 10.00] TeV, total events: 824, frac used N>1: 1.63E-01, fracs: ['5.85E-01', '1.08E-01', '2.91E-02', '1.94E-02', '2.43E-03', '3.64E-03', '0.00E+00', '0.00E+00', '0.00E+00', '0.00E+00', '0.00E+00', '0.00E+00', '0.00E+00', '0.00E+00', '0.00E+00', '0.00E+00', '0.00E+00', '0.00E+00', '0.00E+00', '0.00E+00', '0.00E+00', '0.00E+00', '0.00E+00', '0.00E+00', '0.00E+00', '0.00E+00', '0.00E+00', '0.00E+00', '0.00E+00']
2023-12-25 20:26:36,509 [INFO] E_R [10.00, 15.85] TeV, total events: 691, frac used N>1: 1.91E-01, fracs: ['4.89E-01', '1.17E-01', '4.49E-02', '1.30E-02', '7.24E-03', '7.24E-03', '1.45E-03', '0.00E+00', '0.00E+00', '0.00E+00', '0.00E+00', '0.00E+00', '0.00E+00', '0.00E+00', '0.00E+00', '0.00E+00', '0.00E+00', '0.00E+00', '0.00E+00', '0.00E+00', '0.00E+00', '0.00E+00', '0.00E+00', '0.00E+00', '0.00E+00', '0.00E+00', '0.00E+00', '0.00E+00', '0.00E+00']
2023-12-25 20:26:36,512 [INFO] E_R [15.85, 25.12] TeV, total events: 581, frac used N>1: 1.86E-01, fracs: ['4.75E-01', '1.19E-01', '2.75E-02', '1.89E-02', '1.20E-02', '1.72E-03', '1.72E-03', '1.72E-03', '1.72E-03', '1.72E-03', '0.00E+00', '0.00E+00', '0.00E+00', '0.00E+00', '0.00E+00', '0.00E+00', '0.00E+00', '0.00E+00', '0.00E+00', '0.00E+00', '0.00E+00', '0.00E+00', '0.00E+00', '0.00E+00', '0.00E+00', '0.00E+00', '0.00E+00', '0.00E+00', '0.00E+00']
2023-12-25 20:26:36,514 [INFO] E_R [25.12, 39.81] TeV, total events: 693, frac used N>1: 1.95E-01, fracs: ['3.41E-01', '9.38E-02', '3.75E-02', '2.74E-02', '1.15E-02', '1.30E-02', '1.44E-03', '2.89E-03', '4.33E-03', '0.00E+00', '0.00E+00', '0.00E+00', '0.00E+00', '1.44E-03', '1.44E-03', '0.00E+00', '0.00E+00', '0.00E+00', '0.00E+00', '0.00E+00', '0.00E+00', '0.00E+00', '0.00E+00', '0.00E+00', '0.00E+00', '0.00E+00', '0.00E+00', '0.00E+00', '0.00E+00']
2023-12-25 20:26:36,517 [INFO] E_R [39.81, 63.10] TeV, total events: 684, frac used N>1: 1.90E-01, fracs: ['3.04E-01', '7.89E-02', '3.95E-02', '2.63E-02', '1.46E-02', '8.77E-03', '1.02E-02', '2.92E-03', '4.39E-03', '0.00E+00', '1.46E-03', '0.00E+00', '2.92E-03', '0.00E+00', '0.00E+00', '0.00E+00', '0.00E+00', '0.00E+00', '0.00E+00', '0.00E+00', '0.00E+00', '0.00E+00', '0.00E+00', '0.00E+00', '0.00E+00', '0.00E+00', '0.00E+00', '0.00E+00', '0.00E+00']
2023-12-25 20:26:36,526 [INFO] E_R [63.10, 100.00] TeV, total events: 707, frac used N>1: 1.75E-01, fracs: ['2.53E-01', '6.08E-02', '3.54E-02', '1.98E-02', '1.56E-02', '1.56E-02', '8.49E-03', '1.41E-03', '7.07E-03', '4.24E-03', '1.41E-03', '0.00E+00', '2.83E-03', '2.83E-03', '0.00E+00', '0.00E+00', '0.00E+00', '0.00E+00', '0.00E+00', '0.00E+00', '0.00E+00', '0.00E+00', '0.00E+00', '0.00E+00', '0.00E+00', '0.00E+00', '0.00E+00', '0.00E+00', '0.00E+00']
2023-12-25 20:26:36,529 [INFO] E_R [100.00, 158.49] TeV, total events: 491, frac used N>1: 1.75E-01, fracs: ['2.51E-01', '8.76E-02', '2.85E-02', '1.02E-02', '8.15E-03', '1.02E-02', '6.11E-03', '0.00E+00', '2.04E-03', '4.07E-03', '6.11E-03', '0.00E+00', '6.11E-03', '0.00E+00', '4.07E-03', '0.00E+00', '0.00E+00', '2.04E-03', '0.00E+00', '0.00E+00', '0.00E+00', '0.00E+00', '0.00E+00', '0.00E+00', '0.00E+00', '0.00E+00', '0.00E+00', '0.00E+00', '0.00E+00']
2023-12-25 20:26:36,532 [INFO] E_R [158.49, 251.19] TeV, total events: 296, frac used N>1: 2.03E-01, fracs: ['2.91E-01', '8.78E-02', '5.74E-02', '1.69E-02', '1.69E-02', '1.35E-02', '3.38E-03', '0.00E+00', '0.00E+00', '0.00E+00', '0.00E+00', '0.00E+00', '0.00E+00', '0.00E+00', '3.38E-03', '3.38E-03', '0.00E+00', '0.00E+00', '0.00E+00', '0.00E+00', '0.00E+00', '0.00E+00', '0.00E+00', '0.00E+00', '0.00E+00', '0.00E+00', '0.00E+00', '0.00E+00', '0.00E+00']
2023-12-25 20:26:36,534 [INFO] E_R [251.19, 398.11] TeV, total events: 1, frac used N>1: 0.00E+00, fracs: ['1.00E+00', '0.00E+00', '0.00E+00', '0.00E+00', '0.00E+00', '0.00E+00', '0.00E+00', '0.00E+00', '0.00E+00', '0.00E+00', '0.00E+00', '0.00E+00', '0.00E+00', '0.00E+00', '0.00E+00', '0.00E+00', '0.00E+00', '0.00E+00', '0.00E+00', '0.00E+00', '0.00E+00', '0.00E+00', '0.00E+00', '0.00E+00', '0.00E+00', '0.00E+00', '0.00E+00', '0.00E+00', '0.00E+00']
2023-12-25 20:26:36,811 [INFO] Time to reach 5 sigma CRAB_HEGRA detection: 1.48 +0.12 -0.12 hours
2023-12-25 20:26:36,811 [INFO] SENSITIVITY: [e min, e max] TeV, N sim gammas, N sim protons, N excess, N bkg, sensitivity [\% Crab], sensitivity [TeV / (cm2 s)], sens err - [flux], sens err + [flux], fraction of G used N>1, fraction of P used N>1
2023-12-25 20:26:36,817 [INFO] [   0.1,    0.2],    0,    0,   0.0,   0.0,   nan, NAN, NAN, NAN, NAN, NAN
2023-12-25 20:26:36,823 [INFO] [   0.2,    0.3],    0,    0,   0.0,   0.0,   nan, NAN, NAN, NAN, NAN, NAN
2023-12-25 20:26:36,828 [INFO] [   0.3,    0.4],    0,    0,   0.0,   0.0,   nan, NAN, NAN, NAN, NAN, NAN
2023-12-25 20:26:36,834 [INFO] [   0.4,    0.6],    0,    0,   0.0,   0.0,   nan, NAN, NAN, NAN, NAN, NAN
2023-12-25 20:26:36,839 [INFO] [   0.6,    1.0],    0,    0,   0.0,   0.0,   nan, NAN, NAN, NAN, NAN, NAN
2023-12-25 20:26:36,844 [INFO] [   1.0,    1.6],    0,    0,   0.0,   0.0,   nan, NAN, NAN, NAN, NAN, NAN
2023-12-25 20:26:36,915 [INFO] [   1.6,    2.5],  501,  501,  13.3, 100.5, 228.6, 4.2E-11, 2.5E-12, 2.8E-12, 1.4E-02, 4.2E-02
2023-12-25 20:26:36,997 [INFO] [   2.5,    4.0], 5189, 1309, 106.7, 224.4,  39.8, 5.5E-12, 1.4E-13, 1.4E-13, 6.9E-02, 1.1E-01
2023-12-25 20:26:37,080 [INFO] [   4.0,    6.3], 8947,  917, 138.3, 128.0,  24.2, 2.5E-12, 6.1E-14, 6.2E-14, 1.6E-01, 1.4E-01
2023-12-25 20:26:37,163 [INFO] [   6.3,   10.0], 9567,  824, 111.3,  91.3,  26.2, 2.0E-12, 4.9E-14, 5.0E-14, 2.2E-01, 1.6E-01
2023-12-25 20:26:37,246 [INFO] [  10.0,   15.8], 8925,  691,  77.7,  57.9,  31.3, 1.8E-12, 4.6E-14, 4.7E-14, 2.6E-01, 1.9E-01
2023-12-25 20:26:37,334 [INFO] [  15.8,   25.1], 8052,  581,  52.9,  35.4,  38.4, 1.7E-12, 4.4E-14, 4.4E-14, 2.8E-01, 1.9E-01
2023-12-25 20:26:37,419 [INFO] [  25.1,   39.8], 6608,  693,  32.7,  31.4,  59.5, 2.0E-12, 5.1E-14, 5.1E-14, 2.7E-01, 1.9E-01
2023-12-25 20:26:37,504 [INFO] [  39.8,   63.1], 5485,  684,  20.4,  22.2,  84.6, 2.1E-12, 5.5E-14, 5.6E-14, 2.4E-01, 1.9E-01
2023-12-25 20:26:37,585 [INFO] [  63.1,  100.0], 4396,  707,  12.2,  16.8, 129.6, 2.4E-12, 6.5E-14, 6.6E-14, 2.2E-01, 1.8E-01
2023-12-25 20:26:37,663 [INFO] [ 100.0,  158.5], 3472,  491,   7.2,   8.4, 179.4, 2.5E-12, 7.3E-14, 7.5E-14, 1.9E-01, 1.8E-01
2023-12-25 20:26:37,739 [INFO] [ 158.5,  251.2], 2635,  296,   4.0,   3.6, 260.1, 2.8E-12, 8.6E-14, 8.9E-14, 1.7E-01, 2.0E-01
2023-12-25 20:26:37,746 [INFO] [ 251.2,  398.1],  131,    1,   0.2,   0.0,   nan, NAN, NAN, NAN, 2.6E-01, 0.0E+00
2023-12-25 20:26:37,752 [INFO] [ 398.1,  631.0],    0,    0,   0.0,   0.0,   nan, NAN, NAN, NAN, NAN, NAN
2023-12-25 20:26:37,761 [INFO] [ 631.0, 1000.0],    0,    0,   0.0,   0.0,   nan, NAN, NAN, NAN, NAN, NAN
2023-12-25 20:26:37,763 [INFO] Differential sensitivity: saving images for stereo..
2023-12-25 20:26:38,578 [INFO] Differential sensitivity: saving tables for stereo..
