2023-12-25 20:13:27,129 [INFO] sst1mpipe version: 0.3.0
2023-12-25 20:13:27,203 [INFO] Input file gamma: /mnt/nfs22_auger/jurysek/SST1M/MC/prod_january_2023/v0.3.0/DL2_psf_vaod0.2/stereo/gamma_point_50_300E3GeV_30_30deg_testing_dl1_dl2.h5
2023-12-25 20:13:27,203 [INFO] Input file proton: /mnt/nfs22_auger/jurysek/SST1M/MC/prod_january_2023/v0.3.0/DL2_psf_vaod0.2/stereo/proton_400_500E3GeV_30_30deg_testing_dl1_dl2.h5
2023-12-25 20:13:27,204 [INFO] Evaluating performance for stereo
2023-12-25 20:13:27,204 [INFO] Input file: /mnt/nfs22_auger/jurysek/SST1M/MC/prod_january_2023/v0.3.0/DL2_psf_vaod0.2/stereo/gamma_point_50_300E3GeV_30_30deg_testing_dl1_dl2.h5
2023-12-25 20:13:27,624 [INFO] Total N of events of stereo: 137915
2023-12-25 20:13:27,624 [INFO] Performing event selection.
2023-12-25 20:13:27,625 [INFO] Application of selection cuts:
2023-12-25 20:13:27,625 [INFO] camera_frame_hillas_intensity_tel1: [50, 1000000]
2023-12-25 20:13:27,630 [INFO] camera_frame_hillas_intensity_tel2: [50, 1000000]
2023-12-25 20:13:27,635 [INFO] camera_frame_hillas_width_tel1: [0, 100]
2023-12-25 20:13:27,639 [INFO] camera_frame_hillas_width_tel2: [0, 100]
2023-12-25 20:13:27,644 [INFO] camera_frame_hillas_length_tel1: [0, 100]
2023-12-25 20:13:27,648 [INFO] camera_frame_hillas_length_tel2: [0, 100]
2023-12-25 20:13:27,653 [INFO] leakage_intensity_width_2_tel1: [0, 0.7]
2023-12-25 20:13:27,657 [INFO] leakage_intensity_width_2_tel2: [0, 0.7]
2023-12-25 20:13:27,753 [INFO] N of events of stereo after selection cuts: 137607
2023-12-25 20:13:27,753 [INFO] DL2 data loaded as Pandas Dataframe
2023-12-25 20:13:27,842 [INFO] Input file: /mnt/nfs22_auger/jurysek/SST1M/MC/prod_january_2023/v0.3.0/DL2_psf_vaod0.2/stereo/proton_400_500E3GeV_30_30deg_testing_dl1_dl2.h5
2023-12-25 20:13:30,625 [INFO] Total N of events of stereo: 3005887
2023-12-25 20:13:30,626 [INFO] Performing event selection.
2023-12-25 20:13:30,626 [INFO] Application of selection cuts:
2023-12-25 20:13:30,626 [INFO] camera_frame_hillas_intensity_tel1: [50, 1000000]
2023-12-25 20:13:30,739 [INFO] camera_frame_hillas_intensity_tel2: [50, 1000000]
2023-12-25 20:13:30,814 [INFO] camera_frame_hillas_width_tel1: [0, 100]
2023-12-25 20:13:30,874 [INFO] camera_frame_hillas_width_tel2: [0, 100]
2023-12-25 20:13:30,950 [INFO] camera_frame_hillas_length_tel1: [0, 100]
2023-12-25 20:13:31,010 [INFO] camera_frame_hillas_length_tel2: [0, 100]
2023-12-25 20:13:31,085 [INFO] leakage_intensity_width_2_tel1: [0, 0.7]
2023-12-25 20:13:31,144 [INFO] leakage_intensity_width_2_tel2: [0, 0.7]
2023-12-25 20:13:32,960 [INFO] N of events of stereo after selection cuts: 2452694
2023-12-25 20:13:32,961 [INFO] DL2 data loaded as Pandas Dataframe
2023-12-25 20:13:37,811 [INFO] Energy and angular resolution are calculated only for gammas which passed GLOBAL GAMMANESS > 0.600000 cut.
2023-12-25 20:13:37,889 [INFO] Energy resolution: saving images..
2023-12-25 20:13:39,610 [INFO] Energy resolution: saving tables for stereo..
2023-12-25 20:13:39,708 [INFO] Out of 122569, in 0 events the altitude or azimuth was not reconstructed
2023-12-25 20:13:39,832 [INFO] Angular resolution: saving images..
2023-12-25 20:13:41,314 [INFO] Angular resolution: saving tables for stereo..
2023-12-25 20:13:41,365 [WARNING] table contains column(s) with defined 'unit', 'format', 'description', or 'meta' info attributes. These will be dropped since serialize_meta=False.
2023-12-25 20:13:41,386 [INFO] ROC curve: saving images..
2023-12-25 20:14:19,610 [INFO] ROC curve: saving tables for stereo..
2023-12-25 20:14:20,793 [INFO] Estimating sensitivity for stereo ...
2023-12-25 20:14:20,794 [INFO] N off regions 5
2023-12-25 20:14:20,794 [INFO] Assumed obstime 50.000000 h.
2023-12-25 20:14:20,795 [INFO] Input file: /mnt/nfs22_auger/jurysek/SST1M/MC/prod_january_2023/v0.3.0/DL2_psf_vaod0.2/stereo/gamma_point_50_300E3GeV_30_30deg_testing_dl1_dl2.h5
2023-12-25 20:14:20,887 [INFO] Total N of events of stereo: 137915
2023-12-25 20:14:20,888 [INFO] Performing event selection.
2023-12-25 20:14:20,888 [INFO] Application of selection cuts:
2023-12-25 20:14:20,888 [INFO] camera_frame_hillas_intensity_tel1: [50, 1000000]
2023-12-25 20:14:20,892 [INFO] camera_frame_hillas_intensity_tel2: [50, 1000000]
2023-12-25 20:14:20,896 [INFO] camera_frame_hillas_width_tel1: [0, 100]
2023-12-25 20:14:20,900 [INFO] camera_frame_hillas_width_tel2: [0, 100]
2023-12-25 20:14:20,905 [INFO] camera_frame_hillas_length_tel1: [0, 100]
2023-12-25 20:14:20,909 [INFO] camera_frame_hillas_length_tel2: [0, 100]
2023-12-25 20:14:20,913 [INFO] leakage_intensity_width_2_tel1: [0, 0.7]
2023-12-25 20:14:20,916 [INFO] leakage_intensity_width_2_tel2: [0, 0.7]
2023-12-25 20:14:20,985 [INFO] N of events of stereo after selection cuts: 137607
2023-12-25 20:14:20,985 [INFO] DL2 data loaded as Astropy Table.
2023-12-25 20:14:20,985 [INFO] Input file: /mnt/nfs22_auger/jurysek/SST1M/MC/prod_january_2023/v0.3.0/DL2_psf_vaod0.2/stereo/proton_400_500E3GeV_30_30deg_testing_dl1_dl2.h5
2023-12-25 20:14:22,060 [INFO] Total N of events of stereo: 3005887
2023-12-25 20:14:22,060 [INFO] Performing event selection.
2023-12-25 20:14:22,060 [INFO] Application of selection cuts:
2023-12-25 20:14:22,060 [INFO] camera_frame_hillas_intensity_tel1: [50, 1000000]
2023-12-25 20:14:22,115 [INFO] camera_frame_hillas_intensity_tel2: [50, 1000000]
2023-12-25 20:14:22,182 [INFO] camera_frame_hillas_width_tel1: [0, 100]
2023-12-25 20:14:22,236 [INFO] camera_frame_hillas_width_tel2: [0, 100]
2023-12-25 20:14:22,304 [INFO] camera_frame_hillas_length_tel1: [0, 100]
2023-12-25 20:14:22,362 [INFO] camera_frame_hillas_length_tel2: [0, 100]
2023-12-25 20:14:22,429 [INFO] leakage_intensity_width_2_tel1: [0, 0.7]
2023-12-25 20:14:22,482 [INFO] leakage_intensity_width_2_tel2: [0, 0.7]
2023-12-25 20:14:24,430 [INFO] N of events of stereo after selection cuts: 2452694
2023-12-25 20:14:24,430 [INFO] DL2 data loaded as Astropy Table.
2023-12-25 20:14:24,430 [INFO] Getting MC info for /mnt/nfs22_auger/jurysek/SST1M/MC/prod_january_2023/v0.3.0/DL2_psf_vaod0.2/stereo/gamma_point_50_300E3GeV_30_30deg_testing_dl1_dl2.h5
2023-12-25 20:14:38,329 [WARNING] There was a cut on energy applied on this DL2 file, which doesnt correspond with 'energy_range_min' in MC DL2 tab).
THE TOTAL NUMBER OF SIMULATED EVENTS WILL BE RECALCULATED FOR SPECTRAL REWEIGHTING.
2023-12-25 20:14:38,395 [INFO] Number of different MC productions combined: 1
2023-12-25 20:14:38,455 [INFO] Correcting simulated e min in 3000 files out of 3000 files.
2023-12-25 20:14:38,455 [INFO] N of simulated showers in original interval (0.050000, 300.000000): 60000000
2023-12-25 20:14:38,455 [INFO] N of simulated showers in new interval (0.200000, 300.000000): 14992498
2023-12-25 20:14:38,716 [INFO] SANITY CHECK: Exact number of simulated events above 0.19953 TeV: 15008160
2023-12-25 20:14:38,716 [INFO] Difference [%/100]: 0.001044
2023-12-25 20:14:38,716 [INFO] Total corrected number of simulated events: 14992498
2023-12-25 20:14:38,749 [INFO] Getting MC info for /mnt/nfs22_auger/jurysek/SST1M/MC/prod_january_2023/v0.3.0/DL2_psf_vaod0.2/stereo/proton_400_500E3GeV_30_30deg_testing_dl1_dl2.h5
2023-12-25 20:15:10,121 [WARNING] Sum of histograms for production with e_min: 0.400000 doesn't match with n_showers*shower_reuse stored in the mc tab!!
2023-12-25 20:15:10,123 [WARNING] CORRECTION OF SHOWER_REUSE APPLIED. New value: 100.000000
2023-12-25 20:15:39,096 [INFO] CRAB_HEGRA spectrum is used for purposes of sensitivity estimation.
2023-12-25 20:15:40,113 [INFO] Point gammas simulated with offset of: 0.000000 deg
2023-12-25 20:15:40,114 [INFO] Gammaness efficiency-based gammaness cut used.
2023-12-25 20:15:40,114 [INFO] Requested gamma efficiency 0.600000
2023-12-25 20:15:40,135 [INFO] Differential sensitivity: saving energy dependent gammaness cut table for stereo..
2023-12-25 20:15:40,610 [INFO] Global theta cut used: 0.120000
2023-12-25 20:15:40,660 [INFO] N of simulated gamma-like point gammas in ON region: 65382
2023-12-25 20:15:40,683 [INFO] Rate of observed gamma-like point gammas in ON region: 0.004149281190780979 1 / s, Crab Spectrum
2023-12-25 20:15:40,790 [INFO] N of simulated gamma-like diffuse protons in OFF region (r=1.2 deg): 4623
2023-12-25 20:15:40,792 [INFO] Rate of observed gamma-like diffuse protons in ON region: 0.0006316414775996188 1 / s, p+He DAMPE
2023-12-25 20:15:40,792 [INFO] GAMMA reused fractions:
2023-12-25 20:15:40,805 [INFO] SANITY CHECK: In each bin in reconstructed energy a fraction of reused triggered events is shown.
2023-12-25 20:15:40,805 [INFO] E.g.: [0.5 0.25 0.25 0 0 0 0 0 0 ...] means that half of all showers in given energy bin was used once, 25%% of showers was used 2x, 25%% 3x, and that's it.
2023-12-25 20:15:40,805 [INFO] N reuse bins: [1, 2, 3, 4, 5, 6, 7, 8, 9, 10, 11, 12, 13, 14, 15, 16, 17, 18, 19, 20, 21, 22, 23, 24, 25, 26, 27, 28, 29, 30]
2023-12-25 20:15:40,808 [INFO] Same shower fraction based on obs_id, shower_id (WARNING: It works only if shower_reuse <= 100!).
2023-12-25 20:15:40,824 [INFO] E_R [1.00, 1.58] TeV, total events: 586, frac used N>1: 8.53E-03, fracs: ['9.83E-01', '8.53E-03', '0.00E+00', '0.00E+00', '0.00E+00', '0.00E+00', '0.00E+00', '0.00E+00', '0.00E+00', '0.00E+00', '0.00E+00', '0.00E+00', '0.00E+00', '0.00E+00', '0.00E+00', '0.00E+00', '0.00E+00', '0.00E+00', '0.00E+00', '0.00E+00', '0.00E+00', '0.00E+00', '0.00E+00', '0.00E+00', '0.00E+00', '0.00E+00', '0.00E+00', '0.00E+00', '0.00E+00']
2023-12-25 20:15:40,834 [INFO] E_R [1.58, 2.51] TeV, total events: 4596, frac used N>1: 4.55E-02, fracs: ['9.08E-01', '4.40E-02', '1.52E-03', '0.00E+00', '0.00E+00', '0.00E+00', '0.00E+00', '0.00E+00', '0.00E+00', '0.00E+00', '0.00E+00', '0.00E+00', '0.00E+00', '0.00E+00', '0.00E+00', '0.00E+00', '0.00E+00', '0.00E+00', '0.00E+00', '0.00E+00', '0.00E+00', '0.00E+00', '0.00E+00', '0.00E+00', '0.00E+00', '0.00E+00', '0.00E+00', '0.00E+00', '0.00E+00']
2023-12-25 20:15:40,845 [INFO] E_R [2.51, 3.98] TeV, total events: 8337, frac used N>1: 1.14E-01, fracs: ['7.60E-01', '1.02E-01', '1.09E-02', '7.20E-04', '0.00E+00', '0.00E+00', '0.00E+00', '0.00E+00', '0.00E+00', '0.00E+00', '0.00E+00', '0.00E+00', '0.00E+00', '0.00E+00', '0.00E+00', '0.00E+00', '0.00E+00', '0.00E+00', '0.00E+00', '0.00E+00', '0.00E+00', '0.00E+00', '0.00E+00', '0.00E+00', '0.00E+00', '0.00E+00', '0.00E+00', '0.00E+00', '0.00E+00']
2023-12-25 20:15:40,857 [INFO] E_R [3.98, 6.31] TeV, total events: 9201, frac used N>1: 1.71E-01, fracs: ['6.24E-01', '1.41E-01', '2.63E-02', '3.48E-03', '3.26E-04', '0.00E+00', '0.00E+00', '0.00E+00', '0.00E+00', '0.00E+00', '0.00E+00', '0.00E+00', '0.00E+00', '0.00E+00', '0.00E+00', '0.00E+00', '0.00E+00', '0.00E+00', '0.00E+00', '0.00E+00', '0.00E+00', '0.00E+00', '0.00E+00', '0.00E+00', '0.00E+00', '0.00E+00', '0.00E+00', '0.00E+00', '0.00E+00']
2023-12-25 20:15:40,869 [INFO] E_R [6.31, 10.00] TeV, total events: 9133, frac used N>1: 2.27E-01, fracs: ['4.73E-01', '1.71E-01', '4.17E-02', '1.22E-02', '2.19E-03', '0.00E+00', '0.00E+00', '0.00E+00', '0.00E+00', '0.00E+00', '0.00E+00', '0.00E+00', '0.00E+00', '0.00E+00', '0.00E+00', '0.00E+00', '0.00E+00', '0.00E+00', '0.00E+00', '0.00E+00', '0.00E+00', '0.00E+00', '0.00E+00', '0.00E+00', '0.00E+00', '0.00E+00', '0.00E+00', '0.00E+00', '0.00E+00']
2023-12-25 20:15:40,880 [INFO] E_R [10.00, 15.85] TeV, total events: 8206, frac used N>1: 2.55E-01, fracs: ['3.63E-01', '1.60E-01', '6.82E-02', '2.00E-02', '5.24E-03', '8.53E-04', '1.22E-04', '0.00E+00', '0.00E+00', '0.00E+00', '0.00E+00', '0.00E+00', '0.00E+00', '0.00E+00', '0.00E+00', '0.00E+00', '0.00E+00', '0.00E+00', '0.00E+00', '0.00E+00', '0.00E+00', '0.00E+00', '0.00E+00', '0.00E+00', '0.00E+00', '0.00E+00', '0.00E+00', '0.00E+00', '0.00E+00']
2023-12-25 20:15:40,890 [INFO] E_R [15.85, 25.12] TeV, total events: 7058, frac used N>1: 2.76E-01, fracs: ['2.45E-01', '1.46E-01', '7.96E-02', '3.34E-02', '1.20E-02', '3.26E-03', '1.28E-03', '2.83E-04', '0.00E+00', '0.00E+00', '0.00E+00', '0.00E+00', '0.00E+00', '0.00E+00', '0.00E+00', '0.00E+00', '0.00E+00', '0.00E+00', '0.00E+00', '0.00E+00', '0.00E+00', '0.00E+00', '0.00E+00', '0.00E+00', '0.00E+00', '0.00E+00', '0.00E+00', '0.00E+00', '0.00E+00']
2023-12-25 20:15:40,899 [INFO] E_R [25.12, 39.81] TeV, total events: 5877, frac used N>1: 2.75E-01, fracs: ['1.56E-01', '1.14E-01', '8.07E-02', '4.39E-02', '2.35E-02', '8.17E-03', '3.74E-03', '6.81E-04', '0.00E+00', '0.00E+00', '0.00E+00', '0.00E+00', '0.00E+00', '0.00E+00', '0.00E+00', '0.00E+00', '0.00E+00', '0.00E+00', '0.00E+00', '0.00E+00', '0.00E+00', '0.00E+00', '0.00E+00', '0.00E+00', '0.00E+00', '0.00E+00', '0.00E+00', '0.00E+00', '0.00E+00']
2023-12-25 20:15:40,907 [INFO] E_R [39.81, 63.10] TeV, total events: 4566, frac used N>1: 2.59E-01, fracs: ['1.15E-01', '8.87E-02', '6.81E-02', '4.80E-02', '2.91E-02', '1.51E-02', '5.91E-03', '2.85E-03', '6.57E-04', '0.00E+00', '4.38E-04', '0.00E+00', '0.00E+00', '0.00E+00', '0.00E+00', '0.00E+00', '0.00E+00', '0.00E+00', '0.00E+00', '0.00E+00', '0.00E+00', '0.00E+00', '0.00E+00', '0.00E+00', '0.00E+00', '0.00E+00', '0.00E+00', '0.00E+00', '0.00E+00']
2023-12-25 20:15:40,913 [INFO] E_R [63.10, 100.00] TeV, total events: 3708, frac used N>1: 2.30E-01, fracs: ['7.34E-02', '5.37E-02', '5.29E-02', '4.07E-02', '3.45E-02', '2.40E-02', '1.46E-02', '5.12E-03', '2.97E-03', '5.39E-04', '2.70E-04', '2.70E-04', '0.00E+00', '0.00E+00', '0.00E+00', '0.00E+00', '0.00E+00', '0.00E+00', '0.00E+00', '0.00E+00', '0.00E+00', '0.00E+00', '0.00E+00', '0.00E+00', '0.00E+00', '0.00E+00', '0.00E+00', '0.00E+00', '0.00E+00']
2023-12-25 20:15:40,918 [INFO] E_R [100.00, 158.49] TeV, total events: 2401, frac used N>1: 2.21E-01, fracs: ['8.45E-02', '4.83E-02', '4.96E-02', '3.96E-02', '3.79E-02', '2.00E-02', '1.04E-02', '8.33E-03', '3.75E-03', '2.92E-03', '0.00E+00', '0.00E+00', '0.00E+00', '0.00E+00', '0.00E+00', '0.00E+00', '0.00E+00', '0.00E+00', '0.00E+00', '0.00E+00', '0.00E+00', '0.00E+00', '0.00E+00', '0.00E+00', '0.00E+00', '0.00E+00', '0.00E+00', '0.00E+00', '0.00E+00']
2023-12-25 20:15:40,922 [INFO] E_R [158.49, 251.19] TeV, total events: 1713, frac used N>1: 2.04E-01, fracs: ['5.14E-02', '3.74E-02', '3.56E-02', '2.80E-02', '3.79E-02', '2.98E-02', '1.63E-02', '8.76E-03', '4.67E-03', '4.67E-03', '5.84E-04', '5.84E-04', '0.00E+00', '0.00E+00', '0.00E+00', '0.00E+00', '0.00E+00', '0.00E+00', '0.00E+00', '0.00E+00', '0.00E+00', '0.00E+00', '0.00E+00', '0.00E+00', '0.00E+00', '0.00E+00', '0.00E+00', '0.00E+00', '0.00E+00']
2023-12-25 20:15:40,928 [INFO] PROTON reused fractions:
2023-12-25 20:15:40,930 [INFO] SANITY CHECK: In each bin in reconstructed energy a fraction of reused triggered events is shown.
2023-12-25 20:15:40,930 [INFO] E.g.: [0.5 0.25 0.25 0 0 0 0 0 0 ...] means that half of all showers in given energy bin was used once, 25%% of showers was used 2x, 25%% 3x, and that's it.
2023-12-25 20:15:40,930 [INFO] N reuse bins: [1, 2, 3, 4, 5, 6, 7, 8, 9, 10, 11, 12, 13, 14, 15, 16, 17, 18, 19, 20, 21, 22, 23, 24, 25, 26, 27, 28, 29, 30]
2023-12-25 20:15:40,931 [INFO] Same shower fraction based on obs_id, shower_id (WARNING: It works only if shower_reuse <= 100!).
2023-12-25 20:15:40,943 [INFO] E_R [1.00, 1.58] TeV, total events: 288, frac used N>1: 2.08E-02, fracs: ['9.58E-01', '2.08E-02', '0.00E+00', '0.00E+00', '0.00E+00', '0.00E+00', '0.00E+00', '0.00E+00', '0.00E+00', '0.00E+00', '0.00E+00', '0.00E+00', '0.00E+00', '0.00E+00', '0.00E+00', '0.00E+00', '0.00E+00', '0.00E+00', '0.00E+00', '0.00E+00', '0.00E+00', '0.00E+00', '0.00E+00', '0.00E+00', '0.00E+00', '0.00E+00', '0.00E+00', '0.00E+00', '0.00E+00']
2023-12-25 20:15:40,946 [INFO] E_R [1.58, 2.51] TeV, total events: 821, frac used N>1: 8.04E-02, fracs: ['8.33E-01', '7.43E-02', '6.09E-03', '0.00E+00', '0.00E+00', '0.00E+00', '0.00E+00', '0.00E+00', '0.00E+00', '0.00E+00', '0.00E+00', '0.00E+00', '0.00E+00', '0.00E+00', '0.00E+00', '0.00E+00', '0.00E+00', '0.00E+00', '0.00E+00', '0.00E+00', '0.00E+00', '0.00E+00', '0.00E+00', '0.00E+00', '0.00E+00', '0.00E+00', '0.00E+00', '0.00E+00', '0.00E+00']
2023-12-25 20:15:40,949 [INFO] E_R [2.51, 3.98] TeV, total events: 610, frac used N>1: 1.33E-01, fracs: ['7.07E-01', '1.10E-01', '1.80E-02', '4.92E-03', '0.00E+00', '0.00E+00', '0.00E+00', '0.00E+00', '0.00E+00', '0.00E+00', '0.00E+00', '0.00E+00', '0.00E+00', '0.00E+00', '0.00E+00', '0.00E+00', '0.00E+00', '0.00E+00', '0.00E+00', '0.00E+00', '0.00E+00', '0.00E+00', '0.00E+00', '0.00E+00', '0.00E+00', '0.00E+00', '0.00E+00', '0.00E+00', '0.00E+00']
2023-12-25 20:15:40,952 [INFO] E_R [3.98, 6.31] TeV, total events: 409, frac used N>1: 1.20E-01, fracs: ['7.31E-01', '1.00E-01', '1.22E-02', '4.89E-03', '2.44E-03', '0.00E+00', '0.00E+00', '0.00E+00', '0.00E+00', '0.00E+00', '0.00E+00', '0.00E+00', '0.00E+00', '0.00E+00', '0.00E+00', '0.00E+00', '0.00E+00', '0.00E+00', '0.00E+00', '0.00E+00', '0.00E+00', '0.00E+00', '0.00E+00', '0.00E+00', '0.00E+00', '0.00E+00', '0.00E+00', '0.00E+00', '0.00E+00']
2023-12-25 20:15:40,955 [INFO] E_R [6.31, 10.00] TeV, total events: 376, frac used N>1: 1.49E-01, fracs: ['6.17E-01', '1.04E-01', '2.13E-02', '1.86E-02', '2.66E-03', '0.00E+00', '0.00E+00', '0.00E+00', '2.66E-03', '0.00E+00', '0.00E+00', '0.00E+00', '0.00E+00', '0.00E+00', '0.00E+00', '0.00E+00', '0.00E+00', '0.00E+00', '0.00E+00', '0.00E+00', '0.00E+00', '0.00E+00', '0.00E+00', '0.00E+00', '0.00E+00', '0.00E+00', '0.00E+00', '0.00E+00', '0.00E+00']
2023-12-25 20:15:40,958 [INFO] E_R [10.00, 15.85] TeV, total events: 445, frac used N>1: 1.89E-01, fracs: ['4.92E-01', '1.24E-01', '3.82E-02', '8.99E-03', '4.49E-03', '8.99E-03', '2.25E-03', '2.25E-03', '0.00E+00', '0.00E+00', '0.00E+00', '0.00E+00', '0.00E+00', '0.00E+00', '0.00E+00', '0.00E+00', '0.00E+00', '0.00E+00', '0.00E+00', '0.00E+00', '0.00E+00', '0.00E+00', '0.00E+00', '0.00E+00', '0.00E+00', '0.00E+00', '0.00E+00', '0.00E+00', '0.00E+00']
2023-12-25 20:15:40,960 [INFO] E_R [15.85, 25.12] TeV, total events: 371, frac used N>1: 1.78E-01, fracs: ['4.64E-01', '9.70E-02', '3.50E-02', '1.89E-02', '1.35E-02', '8.09E-03', '2.70E-03', '0.00E+00', '0.00E+00', '2.70E-03', '0.00E+00', '0.00E+00', '0.00E+00', '0.00E+00', '0.00E+00', '0.00E+00', '0.00E+00', '0.00E+00', '0.00E+00', '0.00E+00', '0.00E+00', '0.00E+00', '0.00E+00', '0.00E+00', '0.00E+00', '0.00E+00', '0.00E+00', '0.00E+00', '0.00E+00']
2023-12-25 20:15:40,963 [INFO] E_R [25.12, 39.81] TeV, total events: 328, frac used N>1: 1.83E-01, fracs: ['4.30E-01', '9.45E-02', '3.96E-02', '1.83E-02', '2.44E-02', '3.05E-03', '0.00E+00', '0.00E+00', '0.00E+00', '0.00E+00', '0.00E+00', '0.00E+00', '0.00E+00', '0.00E+00', '0.00E+00', '3.05E-03', '0.00E+00', '0.00E+00', '0.00E+00', '0.00E+00', '0.00E+00', '0.00E+00', '0.00E+00', '0.00E+00', '0.00E+00', '0.00E+00', '0.00E+00', '0.00E+00', '0.00E+00']
2023-12-25 20:15:40,966 [INFO] E_R [39.81, 63.10] TeV, total events: 319, frac used N>1: 1.72E-01, fracs: ['4.04E-01', '6.58E-02', '4.08E-02', '2.82E-02', '1.57E-02', '1.25E-02', '3.13E-03', '3.13E-03', '3.13E-03', '0.00E+00', '0.00E+00', '0.00E+00', '0.00E+00', '0.00E+00', '0.00E+00', '0.00E+00', '0.00E+00', '0.00E+00', '0.00E+00', '0.00E+00', '0.00E+00', '0.00E+00', '0.00E+00', '0.00E+00', '0.00E+00', '0.00E+00', '0.00E+00', '0.00E+00', '0.00E+00']
2023-12-25 20:15:40,969 [INFO] E_R [63.10, 100.00] TeV, total events: 283, frac used N>1: 2.08E-01, fracs: ['2.97E-01', '1.13E-01', '3.89E-02', '7.07E-03', '1.41E-02', '2.47E-02', '7.07E-03', '0.00E+00', '0.00E+00', '0.00E+00', '0.00E+00', '0.00E+00', '0.00E+00', '0.00E+00', '0.00E+00', '0.00E+00', '0.00E+00', '3.53E-03', '0.00E+00', '0.00E+00', '0.00E+00', '0.00E+00', '0.00E+00', '0.00E+00', '0.00E+00', '0.00E+00', '0.00E+00', '0.00E+00', '0.00E+00']
2023-12-25 20:15:40,971 [INFO] E_R [100.00, 158.49] TeV, total events: 271, frac used N>1: 1.66E-01, fracs: ['2.36E-01', '6.64E-02', '2.58E-02', '3.69E-03', '1.85E-02', '1.85E-02', '1.48E-02', '3.69E-03', '0.00E+00', '3.69E-03', '3.69E-03', '0.00E+00', '0.00E+00', '0.00E+00', '0.00E+00', '0.00E+00', '7.38E-03', '0.00E+00', '0.00E+00', '0.00E+00', '0.00E+00', '0.00E+00', '0.00E+00', '0.00E+00', '0.00E+00', '0.00E+00', '0.00E+00', '0.00E+00', '0.00E+00']
2023-12-25 20:15:40,974 [INFO] E_R [158.49, 251.19] TeV, total events: 102, frac used N>1: 1.76E-01, fracs: ['3.73E-01', '1.18E-01', '0.00E+00', '0.00E+00', '2.94E-02', '9.80E-03', '9.80E-03', '0.00E+00', '0.00E+00', '0.00E+00', '0.00E+00', '9.80E-03', '0.00E+00', '0.00E+00', '0.00E+00', '0.00E+00', '0.00E+00', '0.00E+00', '0.00E+00', '0.00E+00', '0.00E+00', '0.00E+00', '0.00E+00', '0.00E+00', '0.00E+00', '0.00E+00', '0.00E+00', '0.00E+00', '0.00E+00']
2023-12-25 20:15:41,264 [INFO] Time to reach 5 sigma CRAB_HEGRA detection: 0.92 +0.07 -0.05 hours
2023-12-25 20:15:41,264 [INFO] SENSITIVITY: [e min, e max] TeV, N sim gammas, N sim protons, N excess, N bkg, sensitivity [\% Crab], sensitivity [TeV / (cm2 s)], sens err - [flux], sens err + [flux], fraction of G used N>1, fraction of P used N>1
2023-12-25 20:15:41,270 [INFO] [   0.1,    0.2],    0,    0,   0.0,   0.0,   nan, NAN, NAN, NAN, NAN, NAN
2023-12-25 20:15:41,275 [INFO] [   0.2,    0.3],    0,    0,   0.0,   0.0,   nan, NAN, NAN, NAN, NAN, NAN
2023-12-25 20:15:41,281 [INFO] [   0.3,    0.4],    0,    0,   0.0,   0.0,   nan, NAN, NAN, NAN, NAN, NAN
2023-12-25 20:15:41,286 [INFO] [   0.4,    0.6],    0,    0,   0.0,   0.0,   nan, NAN, NAN, NAN, NAN, NAN
2023-12-25 20:15:41,292 [INFO] [   0.6,    1.0],    0,    0,   0.0,   0.0,   nan, NAN, NAN, NAN, NAN, NAN
2023-12-25 20:15:41,361 [INFO] [   1.0,    1.6],  586,  288,  20.3,  74.9, 132.6, 3.3E-11, 2.0E-12, 2.2E-12, 8.5E-03, 2.1E-02
2023-12-25 20:15:41,445 [INFO] [   1.6,    2.5], 4596,  821, 125.1, 178.1,  30.7, 5.7E-12, 1.7E-13, 1.7E-13, 4.5E-02, 8.0E-02
2023-12-25 20:15:41,529 [INFO] [   2.5,    4.0], 8337,  610, 171.4, 111.6,  18.4, 2.6E-12, 7.0E-14, 7.1E-14, 1.1E-01, 1.3E-01
2023-12-25 20:15:41,614 [INFO] [   4.0,    6.3], 9201,  409, 142.1,  58.1,  17.2, 1.8E-12, 5.2E-14, 5.3E-14, 1.7E-01, 1.2E-01
2023-12-25 20:15:41,704 [INFO] [   6.3,   10.0], 9133,  376, 106.0,  42.9,  20.5, 1.6E-12, 4.7E-14, 4.8E-14, 2.3E-01, 1.5E-01
2023-12-25 20:15:41,795 [INFO] [  10.0,   15.8], 8206,  445,  71.8,  39.5,  29.4, 1.7E-12, 4.9E-14, 4.9E-14, 2.5E-01, 1.9E-01
2023-12-25 20:15:41,883 [INFO] [  15.8,   25.1], 7058,  371,  46.6,  24.3,  38.2, 1.7E-12, 5.0E-14, 5.0E-14, 2.8E-01, 1.8E-01
2023-12-25 20:15:41,969 [INFO] [  25.1,   39.8], 5877,  328,  29.0,  15.2,  52.8, 1.8E-12, 5.3E-14, 5.3E-14, 2.7E-01, 1.8E-01
2023-12-25 20:15:42,052 [INFO] [  39.8,   63.1], 4566,  319,  17.0,  10.4,  80.4, 2.0E-12, 6.1E-14, 6.2E-14, 2.6E-01, 1.7E-01
2023-12-25 20:15:42,133 [INFO] [  63.1,  100.0], 3708,  283,  10.2,   7.1, 120.2, 2.3E-12, 7.1E-14, 7.3E-14, 2.3E-01, 2.1E-01
2023-12-25 20:15:42,212 [INFO] [ 100.0,  158.5], 2401,  271,   4.9,   5.1, 230.9, 3.3E-12, 1.1E-13, 1.2E-13, 2.2E-01, 1.7E-01
2023-12-25 20:15:42,297 [INFO] [ 158.5,  251.2], 1713,  102,   2.6,   1.3, 385.9, 4.1E-12, 9.7E-14, 1.0E-13, 2.0E-01, 1.8E-01
2023-12-25 20:15:42,303 [INFO] [ 251.2,  398.1],    0,    0,   0.0,   0.0,   nan, NAN, NAN, NAN, NAN, NAN
2023-12-25 20:15:42,309 [INFO] [ 398.1,  631.0],    0,    0,   0.0,   0.0,   nan, NAN, NAN, NAN, NAN, NAN
2023-12-25 20:15:42,314 [INFO] [ 631.0, 1000.0],    0,    0,   0.0,   0.0,   nan, NAN, NAN, NAN, NAN, NAN
2023-12-25 20:15:42,315 [INFO] Differential sensitivity: saving images for stereo..
2023-12-25 20:15:43,035 [INFO] Differential sensitivity: saving tables for stereo..
